Arguments: 
  /home/vagrant/.nvm/versions/node/v14.21.3/bin/node /home/vagrant/.nvm/versions/node/v14.21.3/bin/yarn add --dev webpack-dev-server@^3

PATH: 
  /home/vagrant/.rvm/gems/ruby-2.7.7/bin:/home/vagrant/.rvm/gems/ruby-2.7.7@global/bin:/home/vagrant/.rvm/rubies/ruby-2.7.7/bin:/home/vagrant/.rvm/bin:/home/vagrant/.nvm/versions/node/v14.21.3/bin:/usr/local/sbin:/usr/local/bin:/usr/sbin:/usr/bin:/sbin:/bin:/usr/games:/usr/local/games:/snap/bin

Yarn version: 
  1.22.19

Node version: 
  14.21.3

Platform: 
  linux x64

Trace: 
  Error: EPROTO: protocol error, symlink '../../../multicast-dns/cli.js' -> '/vagrant/workspace/cryptowallet/node_modules/bonjour/node_modules/.bin/multicast-dns'

npm manifest: 
  {
    "name": "CryptoWallet",
    "private": true,
    "dependencies": {
      "bootstrap": "4.1.3",
      "jquery": "^3.7.1",
      "notify-js-legacy": "^0.4.1",
      "popper.js": "1.14.4"
    },
    "version": "1.0.0",
    "main": "index.js",
    "repository": "https://github.com/kikedu1/CryptoWallet.git",
    "author": "kikedu1",
    "license": "MIT"
  }

yarn manifest: 
  No manifest

Lockfile: 
  # THIS IS AN AUTOGENERATED FILE. DO NOT EDIT THIS FILE DIRECTLY.
  # yarn lockfile v1
  
  
  bootstrap@4.1.3:
    version "4.1.3"
    resolved "https://registry.yarnpkg.com/bootstrap/-/bootstrap-4.1.3.tgz#0eb371af2c8448e8c210411d0cb824a6409a12be"
    integrity sha512-rDFIzgXcof0jDyjNosjv4Sno77X4KuPeFxG2XZZv1/Kc8DRVGVADdoQyyOVDwPqL36DDmtCQbrpMCqvpPLJQ0w==
  
  jquery@^3.7.1:
    version "3.7.1"
    resolved "https://registry.yarnpkg.com/jquery/-/jquery-3.7.1.tgz#083ef98927c9a6a74d05a6af02806566d16274de"
    integrity sha512-m4avr8yL8kmFN8psrbFFFmB/If14iN5o9nw/NgnnM+kybDJpRsAynV2BsfpTYrTRysYUdADVD7CkUUizgkpLfg==
  
  notify-js-legacy@^0.4.1:
    version "0.4.1"
    resolved "https://registry.yarnpkg.com/notify-js-legacy/-/notify-js-legacy-0.4.1.tgz#d8cd3a03a16de5018b469ed578f9cd0a5d98afa7"
    integrity sha512-v9tUdioFeizt2Y+wD9Vg4MWN8zbX5BTLfjHMO9UBKKLODZSsfnlV+MWONWVldB6sXqvg3AbaYB407WxnmYZk/g==
  
  popper.js@1.14.4:
    version "1.14.4"
    resolved "https://registry.yarnpkg.com/popper.js/-/popper.js-1.14.4.tgz#8eec1d8ff02a5a3a152dd43414a15c7b79fd69b6"
    integrity sha512-VKAPR2KCx8Uw0oVn0Rt4iggzat+MJ1wu1uJiDnfnMiQcGQRBIopZLfXMKsK/K8NPEerY5kefaYtYjTLb3F6ncw==
